{"C:\\Users\\mostafa\\Desktop\\test-intro\\jest-intro\\isPalindrome.js": {"path":"C:\\Users\\mostafa\\Desktop\\test-intro\\jest-intro\\isPalindrome.js","statementMap":{"0":{"start":{"line":1,"column":22},"end":{"line":1,"column":48}},"1":{"start":{"line":3,"column":4},"end":{"line":3,"column":65}},"2":{"start":{"line":6,"column":0},"end":{"line":6,"column":29}}},"fnMap":{"0":{"name":"isPalindrome","decl":{"start":{"line":2,"column":9},"end":{"line":2,"column":21}},"loc":{"start":{"line":2,"column":26},"end":{"line":4,"column":1}},"line":2}},"branchMap":{},"s":{"0":1,"1":2,"2":1},"f":{"0":2},"b":{},"_coverageSchema":"1a1c01bbd47fc00a2c39e90264f33305004495a9","hash":"5f8e1c88ebf1592475ef305c505b477b0c30f254"}
,"C:\\Users\\mostafa\\Desktop\\test-intro\\jest-intro\\reverseString.js": {"path":"C:\\Users\\mostafa\\Desktop\\test-intro\\jest-intro\\reverseString.js","statementMap":{"0":{"start":{"line":2,"column":4},"end":{"line":2,"column":64}},"1":{"start":{"line":5,"column":0},"end":{"line":5,"column":30}}},"fnMap":{"0":{"name":"reverseString","decl":{"start":{"line":1,"column":9},"end":{"line":1,"column":22}},"loc":{"start":{"line":1,"column":27},"end":{"line":3,"column":1}},"line":1}},"branchMap":{},"s":{"0":3,"1":2},"f":{"0":3},"b":{},"_coverageSchema":"1a1c01bbd47fc00a2c39e90264f33305004495a9","hash":"9d15b4b34642340bf2a87dd2bf28cc688425b03f"}
,"C:\\Users\\mostafa\\Desktop\\test-intro\\jest-intro\\shallowObjClone.js": {"path":"C:\\Users\\mostafa\\Desktop\\test-intro\\jest-intro\\shallowObjClone.js","statementMap":{"0":{"start":{"line":2,"column":4},"end":{"line":2,"column":18}},"1":{"start":{"line":5,"column":0},"end":{"line":5,"column":32}}},"fnMap":{"0":{"name":"shallowObjClone","decl":{"start":{"line":1,"column":9},"end":{"line":1,"column":24}},"loc":{"start":{"line":1,"column":29},"end":{"line":3,"column":1}},"line":1}},"branchMap":{},"s":{"0":1,"1":1},"f":{"0":1},"b":{},"_coverageSchema":"1a1c01bbd47fc00a2c39e90264f33305004495a9","hash":"20026269fcfae6046a2c0cfe73cdee93806f1676"}
,"C:\\Users\\mostafa\\Desktop\\test-intro\\jest-intro\\sum.js": {"path":"C:\\Users\\mostafa\\Desktop\\test-intro\\jest-intro\\sum.js","statementMap":{"0":{"start":{"line":2,"column":4},"end":{"line":2,"column":16}},"1":{"start":{"line":5,"column":0},"end":{"line":5,"column":20}}},"fnMap":{"0":{"name":"sum","decl":{"start":{"line":1,"column":9},"end":{"line":1,"column":12}},"loc":{"start":{"line":1,"column":17},"end":{"line":3,"column":1}},"line":1}},"branchMap":{},"s":{"0":1,"1":1},"f":{"0":1},"b":{},"_coverageSchema":"1a1c01bbd47fc00a2c39e90264f33305004495a9","hash":"9bd436fc40953d69cb1a6f236b69b67dc4ba0250"}
}
